advFunTest/build/outputs/logs/manifest-merger-debug-report.txt
-- Merging decision tree log ---
manifest
ADDED from src\main\AndroidManifest.xml:2:1-81:12
INJECTED from src\main\AndroidManifest.xml:2:1-81:12
INJECTED from src\main\AndroidManifest.xml:2:1-81:12
INJECTED from src\main\AndroidManifest.xml:2:1-81:12
INJECTED from src\main\AndroidManifest.xml:2:1-81:12
INJECTED from src\main\AndroidManifest.xml:2:1-81:12
INJECTED from src\main\AndroidManifest.xml:2:1-81:12
	package
		ADDED from src\main\AndroidManifest.xml:3:5-39
		INJECTED from src\main\AndroidManifest.xml
		INJECTED from src\main\AndroidManifest.xml
	android:versionName
		ADDED from src\main\AndroidManifest.xml:5:5-30
		INJECTED from src\main\AndroidManifest.xml
		INJECTED from src\main\AndroidManifest.xml
	xmlns:android
		ADDED from src\main\AndroidManifest.xml:2:11-69
	android:versionCode
		ADDED from src\main\AndroidManifest.xml:4:5-28
		INJECTED from src\main\AndroidManifest.xml
		INJECTED from src\main\AndroidManifest.xml
uses-sdk
ADDED from src\main\AndroidManifest.xml:7:5-9:41
INJECTED from src\main\AndroidManifest.xml:7:5-9:41
INJECTED from src\main\AndroidManifest.xml:7:5-9:41
INJECTED from src\main\AndroidManifest.xml:7:5-9:41
INJECTED from src\main\AndroidManifest.xml:7:5-9:41
	android:targetSdkVersion
		ADDED from src\main\AndroidManifest.xml:9:9-38
		INJECTED from src\main\AndroidManifest.xml
		INJECTED from src\main\AndroidManifest.xml
	android:minSdkVersion
		ADDED from src\main\AndroidManifest.xml:8:9-35
		INJECTED from src\main\AndroidManifest.xml
		INJECTED from src\main\AndroidManifest.xml
uses-permission#android.permission.WRITE_EXTERNAL_STORAGE
ADDED from src\main\AndroidManifest.xml:11:5-81
	android:name
		ADDED from src\main\AndroidManifest.xml:11:22-78
uses-permission#android.permission.RECORD_AUDIO
ADDED from src\main\AndroidManifest.xml:12:5-71
	android:name
		ADDED from src\main\AndroidManifest.xml:12:22-68
uses-permission#android.permission.MOUNT_UNMOUNT_FILESYSTEMS
ADDED from src\main\AndroidManifest.xml:13:5-84
	android:name
		ADDED from src\main\AndroidManifest.xml:13:22-81
uses-permission#android.permission.INTERNET
ADDED from src\main\AndroidManifest.xml:15:5-67
	android:name
		ADDED from src\main\AndroidManifest.xml:15:22-64
uses-permission#android.permission.ACCESS_NETWORK_STATE
ADDED from src\main\AndroidManifest.xml:16:5-79
	android:name
		ADDED from src\main\AndroidManifest.xml:16:22-76
uses-permission#android.permission.ACCESS_WIFI_STATE
ADDED from src\main\AndroidManifest.xml:17:5-76
	android:name
		ADDED from src\main\AndroidManifest.xml:17:22-73
uses-permission#android.permission.CAMERA
ADDED from src\main\AndroidManifest.xml:18:5-65
	android:name
		ADDED from src\main\AndroidManifest.xml:18:22-62
uses-permission#android.permission.CHANGE_WIFI_STATE
ADDED from src\main\AndroidManifest.xml:20:5-76
	android:name
		ADDED from src\main\AndroidManifest.xml:20:22-73
uses-permission#android.permission.BLUETOOTH
ADDED from src\main\AndroidManifest.xml:21:5-68
	android:name
		ADDED from src\main\AndroidManifest.xml:21:22-65
uses-permission#android.permission.BLUETOOTH_ADMIN
ADDED from src\main\AndroidManifest.xml:22:5-74
	android:name
		ADDED from src\main\AndroidManifest.xml:22:22-71
uses-permission#android.permission.READ_PHONE_STATE
ADDED from src\main\AndroidManifest.xml:24:5-75
	android:name
		ADDED from src\main\AndroidManifest.xml:24:22-72
uses-permission#android.permission.READ_EXTERNAL_STORAGE
ADDED from src\main\AndroidManifest.xml:25:5-80
	android:name
		ADDED from src\main\AndroidManifest.xml:25:22-77
application
ADDED from src\main\AndroidManifest.xml:27:5-79:19
	android:label
		ADDED from src\main\AndroidManifest.xml:30:9-41
	android:icon
		ADDED from src\main\AndroidManifest.xml:29:9-45
	android:allowBackup
		ADDED from src\main\AndroidManifest.xml:28:9-35
	android:theme
		ADDED from src\main\AndroidManifest.xml:31:9-62
activity#com.advantech.adv.MainActivity
ADDED from src\main\AndroidManifest.xml:32:9-41:20
	android:label
		ADDED from src\main\AndroidManifest.xml:34:13-45
	android:theme
		ADDED from src\main\AndroidManifest.xml:35:13-66
	android:name
		ADDED from src\main\AndroidManifest.xml:33:13-58
intent-filter#android.intent.action.MAIN+android.intent.category.LAUNCHER
ADDED from src\main\AndroidManifest.xml:36:13-40:29
action#android.intent.action.MAIN
ADDED from src\main\AndroidManifest.xml:37:17-69
	android:name
		ADDED from src\main\AndroidManifest.xml:37:25-66
category#android.intent.category.LAUNCHER
ADDED from src\main\AndroidManifest.xml:39:17-77
	android:name
		ADDED from src\main\AndroidManifest.xml:39:27-74
activity#com.advantech.adv.LoopbackActivity
ADDED from src\main\AndroidManifest.xml:42:9-44:72
	android:label
		ADDED from src\main\AndroidManifest.xml:44:13-60
	android:name
		ADDED from src\main\AndroidManifest.xml:43:13-62
activity#com.advantech.adv.LogView
ADDED from src\main\AndroidManifest.xml:48:9-50:72
	android:label
		ADDED from src\main\AndroidManifest.xml:50:13-60
	android:name
		ADDED from src\main\AndroidManifest.xml:49:13-53
activity#com.advantech.adv.FuncView
ADDED from src\main\AndroidManifest.xml:51:9-53:73
	android:label
		ADDED from src\main\AndroidManifest.xml:53:13-61
	android:name
		ADDED from src\main\AndroidManifest.xml:52:13-54
activity#com.advantech.adv.RGB_View
ADDED from src\main\AndroidManifest.xml:54:9-57:83
	android:label
		ADDED from src\main\AndroidManifest.xml:56:13-61
	android:theme
		ADDED from src\main\AndroidManifest.xml:57:13-71
	android:name
		ADDED from src\main\AndroidManifest.xml:55:13-54
activity#com.advantech.adv.Backlight_View
ADDED from src\main\AndroidManifest.xml:58:9-60:78
	android:label
		ADDED from src\main\AndroidManifest.xml:60:13-66
	android:name
		ADDED from src\main\AndroidManifest.xml:59:13-60
activity#com.advantech.adv.Volume_View
ADDED from src\main\AndroidManifest.xml:61:9-63:75
	android:label
		ADDED from src\main\AndroidManifest.xml:63:13-63
	android:name
		ADDED from src\main\AndroidManifest.xml:62:13-57
activity#com.advantech.adv.CameraFun
ADDED from src\main\AndroidManifest.xml:64:9-68:62
	android:screenOrientation
		ADDED from src\main\AndroidManifest.xml:68:13-50
	android:label
		ADDED from src\main\AndroidManifest.xml:67:13-43
	android:configChanges
		ADDED from src\main\AndroidManifest.xml:66:13-72
	android:name
		ADDED from src\main\AndroidManifest.xml:65:13-55
activity#com.advantech.adv.InputView
ADDED from src\main\AndroidManifest.xml:69:9-71:74
	android:label
		ADDED from src\main\AndroidManifest.xml:71:13-62
	android:name
		ADDED from src\main\AndroidManifest.xml:70:13-55
receiver#com.advantech.adv.TestReceiver
ADDED from src\main\AndroidManifest.xml:73:9-77:20
	android:name
		ADDED from src\main\AndroidManifest.xml:73:19-64
intent-filter#com.advantech.advfuntest.TEST_ACTION
ADDED from src\main\AndroidManifest.xml:74:13-76:29
action#com.advantech.advfuntest.TEST_ACTION
ADDED from src\main\AndroidManifest.xml:75:17-79
	android:name
		ADDED from src\main\AndroidManifest.xml:75:25-76